Clock: clk
Sources: clk 
Generated: no
Virtual: yes
Propagated: no
Period: 100.000000

===========================================================================
report_clock_properties
============================================================================
Clock                   Period          Waveform
----------------------------------------------------
clk                 100.000000    0.000000 50.000000

===========================================================================
report_clock_latency
============================================================================
Clock clk
rise -> rise
    min     max
0.000000 0.000000 source latency
1.970406         network latency _11439_/CLK
        2.351305 network latency _12667_/CLK
---------------
1.970406 2.351305 latency
        0.380898 skew

rise -> fall
    min     max
0.000000 0.000000 source latency
2.068031         network latency _11955_/CLK
        2.518629 network latency _11873_/CLK
---------------
2.068031 2.518629 latency
        0.450598 skew

fall -> rise
    min     max
0.000000 0.000000 source latency
1.692065         network latency _11955_/CLK
        2.035002 network latency _11873_/CLK
---------------
1.692065 2.035002 latency
        0.342936 skew

fall -> fall
    min     max
0.000000 0.000000 source latency
1.596696         network latency _11439_/CLK
        1.869204 network latency _12667_/CLK
---------------
1.596696 1.869204 latency
        0.272507 skew



===========================================================================
report_clock_min_period
============================================================================
clk period_min = 33.09 fmax = 30.22
