Clock: clk
Sources: clk 
Generated: no
Virtual: yes
Propagated: no
Period: 100.000000

===========================================================================
report_clock_properties
============================================================================
Clock                   Period          Waveform
----------------------------------------------------
clk                 100.000000    0.000000 50.000000

===========================================================================
report_clock_latency
============================================================================
Clock clk
rise -> rise
    min     max
0.000000 0.000000 source latency
1.190247         network latency _11439_/CLK
        1.450248 network latency _12628_/CLK
---------------
1.190247 1.450248 latency
        0.260001 skew

rise -> fall
    min     max
0.000000 0.000000 source latency
1.239869         network latency _11955_/CLK
        1.523584 network latency _12398_/CLK
---------------
1.239869 1.523584 latency
        0.283715 skew

fall -> rise
    min     max
0.000000 0.000000 source latency
0.998611         network latency _11955_/CLK
        1.216961 network latency _12398_/CLK
---------------
0.998611 1.216961 latency
        0.218350 skew

fall -> fall
    min     max
0.000000 0.000000 source latency
0.939512         network latency _11439_/CLK
        1.114760 network latency _12628_/CLK
---------------
0.939512 1.114760 latency
        0.175248 skew



===========================================================================
report_clock_min_period
============================================================================
clk period_min = 16.69 fmax = 59.92
