Clock: clk
Sources: wb_clk_i 
Generated: no
Virtual: yes
Propagated: no
Period: 25.000000

===========================================================================
report_clock_properties
============================================================================
Clock                   Period          Waveform
----------------------------------------------------
clk                  25.000000    0.000000 12.500000

===========================================================================
report_clock_latency
============================================================================
Clock clk
rise -> rise
    min     max
4.650000 5.570000 source latency
6.138985         network latency _5657_/CLK
        7.116742 network latency mprj.team_08_Wrapper.team_08_WB.instance_to_wrap/clk
---------------
10.788984 12.686743 latency
        1.897758 skew

fall -> fall
    min     max
4.650000 5.570000 source latency
6.431815         network latency _5657_/CLK
        7.207201 network latency mprj.team_08_Wrapper.team_08_WB.instance_to_wrap/clk
---------------
11.081815 12.777200 latency
        1.695385 skew



===========================================================================
report_clock_min_period
============================================================================
clk period_min = 11.42 fmax = 87.60
