Clock: clk
Sources: clk 
Generated: no
Virtual: yes
Propagated: no
Period: 100.000000

===========================================================================
report_clock_properties
============================================================================
Clock                   Period          Waveform
----------------------------------------------------
clk                 100.000000    0.000000 50.000000

===========================================================================
report_clock_latency
============================================================================
Clock clk
rise -> rise
    min     max
0.000000 0.000000 source latency
0.843052         network latency _11439_/CLK
        1.049344 network latency _12628_/CLK
---------------
0.843052 1.049344 latency
        0.206292 skew

rise -> fall
    min     max
0.000000 0.000000 source latency
0.875980         network latency _11827_/CLK
        1.086323 network latency _12398_/CLK
---------------
0.875980 1.086323 latency
        0.210343 skew

fall -> rise
    min     max
0.000000 0.000000 source latency
0.721787         network latency _11827_/CLK
        0.906436 network latency _12398_/CLK
---------------
0.721787 0.906436 latency
        0.184649 skew

fall -> fall
    min     max
0.000000 0.000000 source latency
0.672547         network latency _11439_/CLK
        0.819526 network latency _12628_/CLK
---------------
0.672547 0.819526 latency
        0.146979 skew



===========================================================================
report_clock_min_period
============================================================================
clk period_min = 10.71 fmax = 93.38
