Clock: clk
Sources: clk 
Generated: no
Virtual: yes
Propagated: no
Period: 40.000000

===========================================================================
report_clock_properties
============================================================================
Clock                   Period          Waveform
----------------------------------------------------
clk                  40.000000    0.000000 20.000000

===========================================================================
report_clock_latency
============================================================================
Clock clk
rise -> rise
    min     max
0.000000 0.000000 source latency
1.226407         network latency _44650_/CLK
        1.725354 network latency _43635_/CLK
---------------
1.226407 1.725354 latency
        0.498947 skew

rise -> fall
    min     max
0.000000 0.000000 source latency
1.717213         network latency _43643_/CLK
        1.722565 network latency _43635_/CLK
---------------
1.717213 1.722565 latency
        0.005352 skew

fall -> fall
    min     max
0.000000 0.000000 source latency
0.957856         network latency _44650_/CLK
        1.185569 network latency _43858_/CLK
---------------
0.957856 1.185569 latency
        0.227713 skew



===========================================================================
report_clock_min_period
============================================================================
clk period_min = 10.82 fmax = 92.44
