Clock: clk
Sources: clk 
Generated: no
Virtual: yes
Propagated: no
Period: 40.000000

===========================================================================
report_clock_properties
============================================================================
Clock                   Period          Waveform
----------------------------------------------------
clk                  40.000000    0.000000 20.000000

===========================================================================
report_clock_latency
============================================================================
Clock clk
rise -> rise
    min     max
0.000000 0.000000 source latency
1.810694         network latency _44650_/CLK
        2.560738 network latency _43635_/CLK
---------------
1.810694 2.560738 latency
        0.750044 skew

rise -> fall
    min     max
0.000000 0.000000 source latency
2.561420         network latency _43643_/CLK
        2.568034 network latency _43635_/CLK
---------------
2.561420 2.568034 latency
        0.006614 skew

fall -> fall
    min     max
0.000000 0.000000 source latency
1.387303         network latency _44650_/CLK
        1.696778 network latency _43858_/CLK
---------------
1.387303 1.696778 latency
        0.309475 skew



===========================================================================
report_clock_min_period
============================================================================
clk period_min = 16.85 fmax = 59.36
