Clock: clk
Sources: clk 
Generated: no
Virtual: yes
Propagated: no
Period: 40.000000

===========================================================================
report_clock_properties
============================================================================
Clock                   Period          Waveform
----------------------------------------------------
clk                  40.000000    0.000000 20.000000

===========================================================================
report_clock_latency
============================================================================
Clock clk
rise -> rise
    min     max
0.000000 0.000000 source latency
1.138418         network latency _43074_/CLK
        1.631547 network latency _43635_/CLK
---------------
1.138418 1.631547 latency
        0.493128 skew

rise -> fall
    min     max
0.000000 0.000000 source latency
1.624651         network latency _43643_/CLK
        1.629848 network latency _43635_/CLK
---------------
1.624651 1.629848 latency
        0.005197 skew

fall -> fall
    min     max
0.000000 0.000000 source latency
0.890788         network latency _44650_/CLK
        1.086148 network latency _43858_/CLK
---------------
0.890788 1.086148 latency
        0.195360 skew



===========================================================================
report_clock_min_period
============================================================================
clk period_min = 10.18 fmax = 98.22
