Clock: clk
Sources: clk 
Generated: no
Virtual: yes
Propagated: no
Period: 100.000000

===========================================================================
report_clock_properties
============================================================================
Clock                   Period          Waveform
----------------------------------------------------
clk                 100.000000    0.000000 50.000000

===========================================================================
report_clock_latency
============================================================================
Clock clk
rise -> rise
    min     max
0.000000 0.000000 source latency
1.239351         network latency _11439_/CLK
        1.525602 network latency _12628_/CLK
---------------
1.239351 1.525602 latency
        0.286251 skew

rise -> fall
    min     max
0.000000 0.000000 source latency
1.292022         network latency _11955_/CLK
        1.609342 network latency _12398_/CLK
---------------
1.292022 1.609342 latency
        0.317320 skew

fall -> rise
    min     max
0.000000 0.000000 source latency
1.040782         network latency _11955_/CLK
        1.290776 network latency _12398_/CLK
---------------
1.040782 1.290776 latency
        0.249994 skew

fall -> fall
    min     max
0.000000 0.000000 source latency
0.976737         network latency _11439_/CLK
        1.174481 network latency _12628_/CLK
---------------
0.976737 1.174481 latency
        0.197744 skew



===========================================================================
report_clock_min_period
============================================================================
clk period_min = 17.15 fmax = 58.32
