Clock: clk
Sources: clk 
Generated: no
Virtual: yes
Propagated: no
Period: 40.000000

===========================================================================
report_clock_properties
============================================================================
Clock                   Period          Waveform
----------------------------------------------------
clk                  40.000000    0.000000 20.000000

===========================================================================
report_clock_latency
============================================================================
Clock clk
rise -> rise
    min     max
0.000000 0.000000 source latency
3.214397         network latency _44650_/CLK
        4.617265 network latency _43635_/CLK
---------------
3.214397 4.617265 latency
        1.402868 skew

rise -> fall
    min     max
0.000000 0.000000 source latency
4.670394         network latency _43643_/CLK
        4.679866 network latency _43635_/CLK
---------------
4.670394 4.679866 latency
        0.009472 skew

fall -> fall
    min     max
0.000000 0.000000 source latency
2.493834         network latency _44650_/CLK
        3.007100 network latency _43858_/CLK
---------------
2.493834 3.007100 latency
        0.513266 skew



===========================================================================
report_clock_min_period
============================================================================
clk period_min = 31.74 fmax = 31.51
