Clock: clk
Sources: clk 
Generated: no
Virtual: yes
Propagated: no
Period: 40.000000

===========================================================================
report_clock_properties
============================================================================
Clock                   Period          Waveform
----------------------------------------------------
clk                  40.000000    0.000000 20.000000

===========================================================================
report_clock_latency
============================================================================
Clock clk
rise -> rise
    min     max
0.000000 0.000000 source latency
1.903144         network latency _44650_/CLK
        2.668543 network latency _43635_/CLK
---------------
1.903144 2.668543 latency
        0.765399 skew

rise -> fall
    min     max
0.000000 0.000000 source latency
2.667046         network latency _43643_/CLK
        2.674452 network latency _43635_/CLK
---------------
2.667046 2.674452 latency
        0.007406 skew

fall -> fall
    min     max
0.000000 0.000000 source latency
1.461926         network latency _44650_/CLK
        1.826729 network latency _43858_/CLK
---------------
1.461926 1.826729 latency
        0.364803 skew



===========================================================================
report_clock_min_period
============================================================================
clk period_min = 17.78 fmax = 56.23
