Clock: clk
Sources: wb_clk_i 
Generated: no
Virtual: yes
Propagated: no
Period: 25.000000

===========================================================================
report_clock_properties
============================================================================
Clock                   Period          Waveform
----------------------------------------------------
clk                  25.000000    0.000000 12.500000

===========================================================================
report_clock_latency
============================================================================
Clock clk
rise -> rise
    min     max
4.650000 5.570000 source latency
7.013553         network latency _5657_/CLK
        7.898303 network latency mprj.team_08_Wrapper.team_08_WB.instance_to_wrap/clk
---------------
11.663553 13.468303 latency
        1.804749 skew

fall -> fall
    min     max
4.650000 5.570000 source latency
7.202651         network latency _5657_/CLK
        7.846007 network latency mprj.team_08_Wrapper.team_08_WB.instance_to_wrap/clk
---------------
11.852651 13.416006 latency
        1.563356 skew



===========================================================================
report_clock_min_period
============================================================================
clk period_min = 16.32 fmax = 61.27
