Clock: clk
Sources: clk 
Generated: no
Virtual: yes
Propagated: no
Period: 100.000000

===========================================================================
report_clock_properties
============================================================================
Clock                   Period          Waveform
----------------------------------------------------
clk                 100.000000    0.000000 50.000000

===========================================================================
report_clock_latency
============================================================================
Clock clk
rise -> rise
    min     max
0.000000 0.000000 source latency
0.810632         network latency _11439_/CLK
        0.996141 network latency _12628_/CLK
---------------
0.810632 0.996141 latency
        0.185510 skew

rise -> fall
    min     max
0.000000 0.000000 source latency
0.840385         network latency _11955_/CLK
        1.024359 network latency _12398_/CLK
---------------
0.840385 1.024359 latency
        0.183974 skew

fall -> rise
    min     max
0.000000 0.000000 source latency
0.689766         network latency _11955_/CLK
        0.847074 network latency _12398_/CLK
---------------
0.689766 0.847074 latency
        0.157307 skew

fall -> fall
    min     max
0.000000 0.000000 source latency
0.647148         network latency _11439_/CLK
        0.773579 network latency _12628_/CLK
---------------
0.647148 0.773579 latency
        0.126430 skew



===========================================================================
report_clock_min_period
============================================================================
clk period_min = 10.38 fmax = 96.33
