Clock: clk
Sources: wb_clk_i 
Generated: no
Virtual: yes
Propagated: no
Period: 25.000000

===========================================================================
report_clock_properties
============================================================================
Clock                   Period          Waveform
----------------------------------------------------
clk                  25.000000    0.000000 12.500000

===========================================================================
report_clock_latency
============================================================================
Clock clk
rise -> rise
    min     max
4.650000 5.570000 source latency
7.465058         network latency mprj.team_00_Wrapper.team_00_WB.instance_to_wrap/clk
        8.723509 network latency mprj.team_08_Wrapper.team_08_WB.instance_to_wrap/clk
---------------
12.115058 14.293509 latency
        2.178451 skew

fall -> fall
    min     max
4.650000 5.570000 source latency
7.212942         network latency mprj.team_00_Wrapper.team_00_WB.instance_to_wrap/clk
        8.350169 network latency mprj.team_08_Wrapper.team_08_WB.instance_to_wrap/clk
---------------
11.862941 13.920169 latency
        2.057227 skew



===========================================================================
report_clock_min_period
============================================================================
clk period_min = 27.37 fmax = 36.54
