Clock: clk
Sources: clk 
Generated: no
Virtual: yes
Propagated: no
Period: 40.000000

===========================================================================
report_clock_properties
============================================================================
Clock                   Period          Waveform
----------------------------------------------------
clk                  40.000000    0.000000 20.000000

===========================================================================
report_clock_latency
============================================================================
Clock clk
rise -> rise
    min     max
0.000000 0.000000 source latency
2.959841         network latency _41768_/CLK
        4.355540 network latency _43635_/CLK
---------------
2.959841 4.355540 latency
        1.395699 skew

rise -> fall
    min     max
0.000000 0.000000 source latency
4.410028         network latency _43643_/CLK
        4.419464 network latency _43635_/CLK
---------------
4.410028 4.419464 latency
        0.009436 skew

fall -> fall
    min     max
0.000000 0.000000 source latency
2.320290         network latency _44650_/CLK
        2.786647 network latency _43858_/CLK
---------------
2.320290 2.786647 latency
        0.466358 skew



===========================================================================
report_clock_min_period
============================================================================
clk period_min = 30.20 fmax = 33.11
