Clock: clk
Sources: wb_clk_i 
Generated: no
Virtual: yes
Propagated: no
Period: 25.000000

===========================================================================
report_clock_properties
============================================================================
Clock                   Period          Waveform
----------------------------------------------------
clk                  25.000000    0.000000 12.500000

===========================================================================
report_clock_latency
============================================================================
Clock clk
rise -> rise
    min     max
4.650000 5.570000 source latency
8.074813         network latency mprj.team_00_Wrapper.team_00_WB.instance_to_wrap/clk
        9.381626 network latency mprj.team_08_Wrapper.team_08_WB.instance_to_wrap/clk
---------------
12.724813 14.951626 latency
        2.226813 skew

fall -> fall
    min     max
4.650000 5.570000 source latency
7.836496         network latency mprj.team_00_Wrapper.team_00_WB.instance_to_wrap/clk
        9.008763 network latency mprj.team_08_Wrapper.team_08_WB.instance_to_wrap/clk
---------------
12.486496 14.578764 latency
        2.092268 skew



===========================================================================
report_clock_min_period
============================================================================
clk period_min = 29.23 fmax = 34.21
