Clock: clk
Sources: clk 
Generated: no
Virtual: yes
Propagated: no
Period: 40.000000

===========================================================================
report_clock_properties
============================================================================
Clock                   Period          Waveform
----------------------------------------------------
clk                  40.000000    0.000000 20.000000

===========================================================================
report_clock_latency
============================================================================
Clock clk
rise -> rise
    min     max
0.000000 0.000000 source latency
3.390096         network latency _44650_/CLK
        4.815870 network latency _43635_/CLK
---------------
3.390096 4.815870 latency
        1.425774 skew

rise -> fall
    min     max
0.000000 0.000000 source latency
4.866699         network latency _43643_/CLK
        4.876910 network latency _43635_/CLK
---------------
4.866699 4.876910 latency
        0.010211 skew

fall -> fall
    min     max
0.000000 0.000000 source latency
2.619057         network latency _44650_/CLK
        3.191104 network latency _43858_/CLK
---------------
2.619057 3.191104 latency
        0.572047 skew



===========================================================================
report_clock_min_period
============================================================================
clk period_min = 33.32 fmax = 30.02
