Clock: clk
Sources: clk 
Generated: no
Virtual: yes
Propagated: no
Period: 40.000000

===========================================================================
report_clock_properties
============================================================================
Clock                   Period          Waveform
----------------------------------------------------
clk                  40.000000    0.000000 20.000000

===========================================================================
report_clock_latency
============================================================================
Clock clk
rise -> rise
    min     max
0.000000 0.000000 source latency
1.683679         network latency _44650_/CLK
        2.422416 network latency _43635_/CLK
---------------
1.683679 2.422416 latency
        0.738738 skew

rise -> fall
    min     max
0.000000 0.000000 source latency
2.424428         network latency _43643_/CLK
        2.430926 network latency _43635_/CLK
---------------
2.424428 2.430926 latency
        0.006498 skew

fall -> fall
    min     max
0.000000 0.000000 source latency
1.292131         network latency _44650_/CLK
        1.565192 network latency _43858_/CLK
---------------
1.292131 1.565192 latency
        0.273062 skew



===========================================================================
report_clock_min_period
============================================================================
clk period_min = 15.90 fmax = 62.91
