Clock: clk
Sources: wb_clk_i 
Generated: no
Virtual: yes
Propagated: no
Period: 25.000000

===========================================================================
report_clock_properties
============================================================================
Clock                   Period          Waveform
----------------------------------------------------
clk                  25.000000    0.000000 12.500000

===========================================================================
report_clock_latency
============================================================================
Clock clk
rise -> rise
    min     max
4.650000 5.570000 source latency
6.791172         network latency _5657_/CLK
        7.647789 network latency mprj.team_08_Wrapper.team_08_WB.instance_to_wrap/clk
---------------
11.441172 13.217790 latency
        1.776618 skew

fall -> fall
    min     max
4.650000 5.570000 source latency
6.516164         network latency mprj.team_00_Wrapper.team_00_WB.instance_to_wrap/clk
        7.549060 network latency mprj.team_08_Wrapper.team_08_WB.instance_to_wrap/clk
---------------
11.166163 13.119060 latency
        1.952897 skew



===========================================================================
report_clock_min_period
============================================================================
clk period_min = 15.80 fmax = 63.28
