┏━━━━━━━┳━━━━━━━━━━┳━━━━━━━━━━┳━━━━━━━━━━━━━━━━━━━━━━━━━━━━━━━━━━━━━━━━━━━━━━━━━━━━━━━━━━━━┳━━━━━━━━━━━━━━━━━━━━━━━━━━━━━━━━━━━━━━━━━━━━━━━━━━━━━━━━━━━┳━━━━━━━┓
┃ P / R ┃ Partial  ┃ Required ┃ Net                                                        ┃ Pin                                                       ┃ Layer ┃
┡━━━━━━━╇━━━━━━━━━━╇━━━━━━━━━━╇━━━━━━━━━━━━━━━━━━━━━━━━━━━━━━━━━━━━━━━━━━━━━━━━━━━━━━━━━━━━╇━━━━━━━━━━━━━━━━━━━━━━━━━━━━━━━━━━━━━━━━━━━━━━━━━━━━━━━━━━━╇━━━━━━━┩
│ 12.77 │ 5109.39  │ 400.00   │ net998                                                     │ _4346_/B                                                  │ met1  │
│ 11.79 │ 4714.28  │ 400.00   │ net337                                                     │ hold281/A                                                 │ met1  │
│ 10.89 │ 4355.69  │ 400.00   │ net1345                                                    │ _4445_/B                                                  │ met1  │
│ 9.57  │ 3826.25  │ 400.00   │ _1827_                                                     │ hold398/A                                                 │ met1  │
│ 8.96  │ 3583.56  │ 400.00   │ _1829_                                                     │ hold419/A                                                 │ met1  │
│ 8.15  │ 3261.47  │ 400.00   │ net1168                                                    │ _4475_/B                                                  │ met1  │
│ 7.93  │ 3172.20  │ 400.00   │ mprj.arbitrator_adr_i[4\][16\]                             │ _2718_/A1                                                 │ met1  │
│ 7.27  │ 2909.82  │ 400.00   │ mprj.arbitrator_dat_i[3\][16\]                             │ _3610_/A2                                                 │ met1  │
│ 6.93  │ 2772.71  │ 400.00   │ mprj.arbitrator_adr_i[4\][19\]                             │ _2699_/A2                                                 │ met1  │
│ 6.57  │ 2629.84  │ 400.00   │ clknet_4_2_0_wb_clk_i_regs                                 │ _5625_/CLK                                                │ met1  │
│ 6.34  │ 2535.61  │ 400.00   │ net2427                                                    │ _3335_/A1                                                 │ met1  │
│ 5.67  │ 2266.11  │ 400.00   │ net1049                                                    │ _4008_/B                                                  │ met1  │
│ 5.65  │ 2261.88  │ 400.00   │ net384                                                     │ _3310_/S                                                  │ met1  │
│ 4.97  │ 1987.58  │ 400.00   │ mprj.gpio_control_wrapper.gpio_control_WB.PIN_8TO15_SEL_V… │ hold1684/A                                                │ met1  │
│ 4.96  │ 1983.86  │ 400.00   │ net1809                                                    │ _4427_/B                                                  │ met1  │
│ 4.94  │ 1975.86  │ 400.00   │ net998                                                     │ _4511_/B                                                  │ met1  │
│ 4.94  │ 1974.22  │ 400.00   │ mprj.team_05_Wrapper.team_05_WB.gpio_oeb[18\]              │ _5013_/A                                                  │ met1  │
│ 4.78  │ 1912.81  │ 400.00   │ _2253_                                                     │ _4991_/C                                                  │ met1  │
│ 4.71  │ 1884.48  │ 400.00   │ _1560_                                                     │ _3960_/B1                                                 │ met1  │
│ 4.70  │ 1880.51  │ 400.00   │ net2226                                                    │ _3947_/A1                                                 │ met1  │
│ 4.67  │ 1867.31  │ 400.00   │ mprj.team_02_Wrapper.team_02_WB.gpio_oeb[2\]               │ _4638_/B                                                  │ met1  │
│ 4.61  │ 1843.89  │ 400.00   │ _1671_                                                     │ hold1139/A                                                │ met1  │
│ 4.50  │ 1800.36  │ 400.00   │ net319                                                     │ hold526/A                                                 │ met1  │
│ 4.46  │ 1784.92  │ 400.00   │ net1153                                                    │ _4512_/B                                                  │ met1  │
│ 4.44  │ 1777.36  │ 400.00   │ mprj.team_04_Wrapper.team_04_WB.gpio_out[29\]              │ _5281_/A                                                  │ met1  │
│ 4.33  │ 1730.27  │ 400.00   │ mprj.arbitrator_adr_i[7\][24\]                             │ _2803_/A2                                                 │ met1  │
│ 4.18  │ 1673.89  │ 400.00   │ mprj.gpio_control_wrapper.gpio_control_WB.PIN_8TO15_SEL_V… │ _4824_/A_N                                                │ met1  │
│ 4.17  │ 1666.81  │ 400.00   │ net313                                                     │ _4399_/B                                                  │ met1  │
│ 3.90  │ 1561.44  │ 400.00   │ net1184                                                    │ _4318_/B                                                  │ met1  │
│ 3.85  │ 1539.80  │ 400.00   │ mprj.arbitrator_dat_i[4\][14\]                             │ _3631_/A1                                                 │ met1  │
│ 3.55  │ 1421.97  │ 400.00   │ net310                                                     │ _4403_/B                                                  │ met1  │
│ 3.53  │ 1412.00  │ 400.00   │ net1209                                                    │ _4482_/B                                                  │ met1  │
│ 3.46  │ 1385.83  │ 400.00   │ mprj.team_07_Wrapper.team_07_WB.gpio_out[1\]               │ _4623_/B2                                                 │ met1  │
│ 3.42  │ 1369.96  │ 400.00   │ mprj.arbitrator_dat_i[4\][17\]                             │ _3594_/A1                                                 │ met1  │
│ 3.42  │ 1366.24  │ 400.00   │ mprj.team_08_Wrapper.team_08_WB.gpio_out[28\]              │ _5258_/B2                                                 │ met1  │
│ 3.37  │ 1348.26  │ 400.00   │ mprj.team_08_Wrapper.team_08_WB.gpio_oeb[10\]              │ _4829_/B2                                                 │ met1  │
│ 3.32  │ 1326.11  │ 400.00   │ net595                                                     │ wire594/A                                                 │ met1  │
│ 3.22  │ 1287.19  │ 400.00   │ net981                                                     │ hold542/A                                                 │ met1  │
│ 3.21  │ 1284.42  │ 400.00   │ net1049                                                    │ _3971_/B                                                  │ met1  │
│ 3.13  │ 1251.42  │ 400.00   │ mprj.gpio_control_wrapper.gpio_control_WB.PIN_8TO15_SEL_V… │ _4778_/B                                                  │ met1  │
│ 3.01  │ 1203.07  │ 400.00   │ net1201                                                    │ _2708_/A2                                                 │ met1  │
│ 2.99  │ 1195.39  │ 400.00   │ _1595_                                                     │ _3973_/B                                                  │ met1  │
│ 2.91  │ 1165.25  │ 400.00   │ net2323                                                    │ _3139_/A1                                                 │ met1  │
│ 2.70  │ 1079.83  │ 400.00   │ net1107                                                    │ _4390_/B                                                  │ met1  │
│ 2.67  │ 1067.50  │ 400.00   │ net1165                                                    │ _4320_/B                                                  │ met1  │
│ 2.66  │ 1065.56  │ 400.00   │ _0541_                                                     │ clone4/B1                                                 │ met1  │
│ 2.66  │ 10229.33 │ 3843.08  │ net96                                                      │ ANTENNA_input96_X/DIODE                                   │ met4  │
│ 2.64  │ 1057.31  │ 400.00   │ _1560_                                                     │ _4007_/A2                                                 │ met1  │
│ 2.63  │ 1053.72  │ 400.00   │ net224                                                     │ output224/A                                               │ met1  │
│ 2.63  │ 1051.00  │ 400.00   │ net1049                                                    │ _3936_/B                                                  │ met1  │
│ 2.61  │ 1044.71  │ 400.00   │ net304                                                     │ _4541_/B                                                  │ met1  │
│ 2.46  │ 984.33   │ 400.00   │ net917                                                     │ _2662_/A2                                                 │ met1  │
│ 2.42  │ 968.39   │ 400.00   │ net418                                                     │ _4228_/A                                                  │ met1  │
│ 2.42  │ 967.98   │ 400.00   │ net1111                                                    │ _4536_/A                                                  │ met3  │
│ 2.42  │ 967.98   │ 400.00   │ net1111                                                    │ hold210/A                                                 │ met3  │
│ 2.41  │ 964.68   │ 400.00   │ mprj.team_07_Wrapper.team_07_WB.gpio_oeb[26\]              │ _5201_/A1                                                 │ met1  │
│ 2.41  │ 962.79   │ 400.00   │ net2041                                                    │ _4056_/B1                                                 │ met1  │
│ 2.37  │ 948.03   │ 400.00   │ mprj.designs_la_data_out[0\][21\]                          │ _4572_/A                                                  │ met1  │
│ 2.31  │ 924.98   │ 400.00   │ net427                                                     │ _3272_/A                                                  │ met1  │
│ 2.30  │ 919.40   │ 400.00   │ mprj.arbitrator_adr_i[3\][8\]                              │ _3016_/C                                                  │ met1  │
│ 2.30  │ 919.19   │ 400.00   │ net1493                                                    │ _4500_/B                                                  │ met1  │
│ 2.26  │ 902.35   │ 400.00   │ net1111                                                    │ _4536_/A                                                  │ met2  │
│ 2.26  │ 902.35   │ 400.00   │ net1111                                                    │ hold210/A                                                 │ met2  │
│ 2.23  │ 893.64   │ 400.00   │ mprj.wb_arbitrator.curr_state[6\]                          │ hold76/A                                                  │ met1  │
│ 2.16  │ 864.45   │ 400.00   │ mprj.team_05_Wrapper.team_05_WB.gpio_oeb[29\]              │ _5273_/A1                                                 │ met1  │
│ 2.16  │ 862.87   │ 400.00   │ mprj.team_07_Wrapper.team_07_WB.gpio_out[29\]              │ _5284_/B2                                                 │ met1  │
│ 2.04  │ 816.85   │ 400.00   │ _1157_                                                     │ _3368_/B1                                                 │ met1  │
│ 1.98  │ 791.50   │ 400.00   │ net402                                                     │ _4019_/B                                                  │ met1  │
│ 1.92  │ 769.14   │ 400.00   │ net1107                                                    │ _4454_/B                                                  │ met1  │
│ 1.91  │ 764.07   │ 400.00   │ mprj.team_07_Wrapper.team_07_WB.gpio_oeb[29\]              │ _5274_/B2                                                 │ met1  │
│ 1.91  │ 763.03   │ 400.00   │ mprj.team_03_Wrapper.team_03_WB.gpio_out[24\]              │ _5164_/A1                                                 │ met1  │
│ 1.89  │ 757.50   │ 400.00   │ _1237_                                                     │ hold815/A                                                 │ met1  │
│ 1.88  │ 753.58   │ 400.00   │ net1103                                                    │ _3891_/A1                                                 │ met1  │
│ 1.87  │ 748.90   │ 400.00   │ _1801_                                                     │ _4349_/A1                                                 │ met2  │
│ 1.82  │ 726.35   │ 400.00   │ mprj.team_07_Wrapper.team_07_WB.gpio_out[20\]              │ _5071_/A1                                                 │ met1  │
│ 1.80  │ 718.65   │ 400.00   │ net398                                                     │ _4020_/A4                                                 │ met1  │
│ 1.76  │ 704.48   │ 400.00   │ mprj.arbitrator_adr_i[3\][12\]                             │ _2971_/C                                                  │ met1  │
│ 1.76  │ 702.12   │ 400.00   │ net233                                                     │ output233/A                                               │ met1  │
│ 1.75  │ 699.31   │ 400.00   │ net2483                                                    │ _4005_/B1                                                 │ met1  │
│ 1.68  │ 670.91   │ 400.00   │ mprj.team_00_Wrapper.team_00_WB.gpio_out[12\]              │ _4887_/A1                                                 │ met1  │
│ 1.64  │ 657.36   │ 400.00   │ mprj.sram.dout1[16\]                                       │ _4093_/A                                                  │ met1  │
│ 1.63  │ 652.33   │ 400.00   │ mprj.team_04_Wrapper.team_04_WB.EN_VAL_REG                 │ hold1551/A                                                │ met1  │
│ 1.62  │ 646.50   │ 400.00   │ net576                                                     │ _2764_/B                                                  │ met1  │
│ 1.61  │ 642.52   │ 400.00   │ mprj.team_08_Wrapper.STB_O                                 │ _2673_/A2                                                 │ met1  │
│ 1.60  │ 641.78   │ 400.00   │ net1070                                                    │ _4129_/B                                                  │ met1  │
│ 1.59  │ 636.87   │ 400.00   │ net429                                                     │ _4262_/A                                                  │ met1  │
│ 1.58  │ 4966.53  │ 3143.48  │ net243                                                     │ ANTENNA__4564__X/DIODE                                    │ met2  │
│ 1.57  │ 628.68   │ 400.00   │ net158                                                     │ hold1145/A                                                │ met1  │
│ 1.54  │ 616.39   │ 400.00   │ net1111                                                    │ hold585/A                                                 │ met2  │
│ 1.52  │ 609.30   │ 400.00   │ net591                                                     │ _3971_/A                                                  │ met1  │
│ 1.51  │ 604.86   │ 400.00   │ _1643_                                                     │ hold1476/A                                                │ met1  │
│ 1.48  │ 4116.31  │ 2773.88  │ mprj.team_01_Wrapper.team_01_WB.gpio_oeb[1\]               │ _4618_/A1                                                 │ met4  │
│ 1.48  │ 4116.31  │ 2773.88  │ mprj.team_01_Wrapper.team_01_WB.gpio_oeb[1\]               │ ANTENNA__4618__A1/DIODE                                   │ met4  │
│ 1.48  │ 4363.72  │ 2956.40  │ _1115_                                                     │ hold690/A                                                 │ met1  │
│ 1.48  │ 590.19   │ 400.00   │ net567                                                     │ _3837_/B                                                  │ met1  │
│ 1.47  │ 588.40   │ 400.00   │ net1525                                                    │ _4444_/B                                                  │ met1  │
│ 1.42  │ 569.75   │ 400.00   │ mprj.gpio_control_wrapper.gpio_control_WB.PIN_16TO23_SEL_… │ _4917_/A                                                  │ met1  │
│ 1.42  │ 4475.19  │ 3143.48  │ net241                                                     │ ANTENNA__4562__X/DIODE                                    │ met2  │
│ 1.42  │ 567.66   │ 400.00   │ net397                                                     │ _4114_/B                                                  │ met1  │
│ 1.34  │ 536.16   │ 400.00   │ net390                                                     │ _4284_/B                                                  │ met1  │
│ 1.33  │ 533.53   │ 400.00   │ net700                                                     │ fanout697/A                                               │ met1  │
│ 1.32  │ 527.53   │ 400.00   │ mprj.sram.dout1[10\]                                       │ _4037_/A                                                  │ met1  │
│ 1.30  │ 521.25   │ 400.00   │ net1070                                                    │ _4093_/B                                                  │ met1  │
│ 1.30  │ 5003.17  │ 3843.08  │ net93                                                      │ ANTENNA_input93_X/DIODE                                   │ met2  │
│ 1.30  │ 3836.67  │ 2952.08  │ mprj.team_04_Wrapper.team_04_WB.gpio_out[3\]               │ ANTENNA_mprj.team_04_Wrapper.team_04_WB.instance_to_wrap… │ met3  │
│ 1.27  │ 509.81   │ 400.00   │ mprj.sram.dout1[11\]                                       │ _4049_/A                                                  │ met1  │
│ 1.27  │ 5107.14  │ 4016.96  │ net38                                                      │ ANTENNA_input38_X/DIODE                                   │ met4  │
│ 1.27  │ 5107.14  │ 4016.96  │ net38                                                      │ ANTENNA_mprj.team_00_Wrapper.team_00_WB.instance_to_wrap… │ met4  │
│ 1.26  │ 504.94   │ 400.00   │ _2545_                                                     │ _5327_/A2                                                 │ met1  │
│ 1.26  │ 3717.51  │ 2952.08  │ mprj.team_04_Wrapper.team_04_WB.gpio_out[10\]              │ ANTENNA_mprj.team_04_Wrapper.team_04_WB.instance_to_wrap… │ met3  │
│ 1.26  │ 502.75   │ 400.00   │ net1260                                                    │ _4407_/B                                                  │ met1  │
│ 1.26  │ 502.75   │ 400.00   │ net1260                                                    │ hold640/A                                                 │ met1  │
│ 1.25  │ 3692.75  │ 2952.08  │ mprj.team_04_Wrapper.team_04_WB.gpio_out[4\]               │ ANTENNA_mprj.team_04_Wrapper.team_04_WB.instance_to_wrap… │ met3  │
│ 1.25  │ 498.74   │ 400.00   │ _0992_                                                     │ wire413/A                                                 │ met1  │
│ 1.25  │ 498.63   │ 400.00   │ mprj.team_02_Wrapper.team_02_WB.gpio_out[29\]              │ _5280_/A1                                                 │ met1  │
│ 1.24  │ 497.53   │ 400.00   │ net617                                                     │ _3936_/A                                                  │ met1  │
│ 1.24  │ 495.06   │ 400.00   │ mprj.arbitrator_dat_i[3\][8\]                              │ _3243_/A2                                                 │ met1  │
│ 1.23  │ 490.44   │ 400.00   │ mprj.team_05_Wrapper.team_05_WB.gpio_oeb[9\]               │ _4806_/A1                                                 │ met1  │
│ 1.21  │ 482.86   │ 400.00   │ net730                                                     │ _5615_/A                                                  │ met1  │
│ 1.20  │ 3553.92  │ 2952.08  │ mprj.team_04_Wrapper.team_04_WB.gpio_out[1\]               │ ANTENNA_mprj.team_04_Wrapper.team_04_WB.instance_to_wrap… │ met3  │
│ 1.20  │ 3547.15  │ 2952.08  │ mprj.team_04_Wrapper.team_04_WB.gpio_out[2\]               │ ANTENNA_mprj.team_04_Wrapper.team_04_WB.instance_to_wrap… │ met3  │
│ 1.20  │ 479.50   │ 400.00   │ mprj.arbitrator_dat_i[7\][21\]                             │ _3546_/A1                                                 │ met1  │
│ 1.19  │ 476.50   │ 400.00   │ _1724_                                                     │ hold1451/A                                                │ met1  │
│ 1.19  │ 3293.89  │ 2773.88  │ net792                                                     │ ANTENNA_mprj.team_04_Wrapper.team_04_WB.instance_to_wrap… │ met3  │
│ 1.17  │ 467.37   │ 400.00   │ net517                                                     │ fanout516/A                                               │ met1  │
│ 1.16  │ 464.11   │ 400.00   │ net439                                                     │ _3200_/A                                                  │ met1  │
│ 1.15  │ 4425.03  │ 3843.08  │ net453                                                     │ ANTENNA_wire453_X/DIODE                                   │ met3  │
│ 1.14  │ 457.84   │ 400.00   │ mprj.gpio_control_wrapper.gpio_control_WB.PIN_8TO15_SEL_V… │ _4774_/B                                                  │ met1  │
│ 1.14  │ 457.84   │ 400.00   │ mprj.gpio_control_wrapper.gpio_control_WB.PIN_8TO15_SEL_V… │ _4776_/B                                                  │ met1  │
│ 1.14  │ 454.00   │ 400.00   │ mprj.team_08_Wrapper.team_08_WB.gpio_out[22\]              │ _5115_/B2                                                 │ met1  │
│ 1.12  │ 449.06   │ 400.00   │ mprj.arbitrator_sel_i[8\][0\]                              │ _3867_/B                                                  │ met1  │
│ 1.12  │ 448.56   │ 400.00   │ mprj.team_03_Wrapper.team_03_WB.gpio_out[8\]               │ _4785_/C                                                  │ met1  │
│ 1.12  │ 448.31   │ 400.00   │ _1415_                                                     │ _3654_/A0                                                 │ met1  │
│ 1.12  │ 3095.61  │ 2773.88  │ mprj.team_03_Wrapper.team_03_WB.gpio_oeb[14\]              │ _4926_/A1                                                 │ met4  │
│ 1.12  │ 3095.61  │ 2773.88  │ mprj.team_03_Wrapper.team_03_WB.gpio_oeb[14\]              │ ANTENNA__4926__A1/DIODE                                   │ met4  │
│ 1.10  │ 441.16   │ 400.00   │ net1082                                                    │ _4137_/B                                                  │ met1  │
│ 1.10  │ 441.16   │ 400.00   │ net1082                                                    │ _4152_/B                                                  │ met1  │
│ 1.10  │ 440.79   │ 400.00   │ clknet_2_0_0_wb_clk_i_regs                                 │ clkbuf_4_3_0_wb_clk_i_regs/A                              │ met1  │
│ 1.10  │ 440.72   │ 400.00   │ net2066                                                    │ hold1504/A                                                │ met1  │
│ 1.10  │ 439.17   │ 400.00   │ net162                                                     │ hold819/A                                                 │ met1  │
│ 1.07  │ 429.22   │ 400.00   │ clknet_4_6_0_wb_clk_i_regs                                 │ _5793_/CLK                                                │ met1  │
│ 1.07  │ 426.06   │ 400.00   │ net1434                                                    │ _4315_/B                                                  │ met1  │
│ 1.06  │ 422.33   │ 400.00   │ mprj.sram.dout1[20\]                                       │ _4129_/A                                                  │ met1  │
│ 1.03  │ 412.95   │ 400.00   │ net1280                                                    │ clone13/A                                                 │ met1  │
│ 1.03  │ 412.72   │ 400.00   │ net476                                                     │ fanout474/A                                               │ met1  │
│ 1.03  │ 4141.03  │ 4016.96  │ net85                                                      │ ANTENNA_input85_X/DIODE                                   │ met4  │
│ 1.03  │ 4141.03  │ 4016.96  │ net85                                                      │ ANTENNA_mprj.team_00_Wrapper.team_00_WB.instance_to_wrap… │ met4  │
│ 1.03  │ 412.29   │ 400.00   │ mprj.team_05_Wrapper.team_05_WB.gpio_oeb[5\]               │ _4712_/A1                                                 │ met1  │
│ 1.03  │ 2858.31  │ 2773.88  │ mprj.team_07_Wrapper.team_07_WB.gpio_oeb[14\]              │ _4917_/C                                                  │ met4  │
│ 1.03  │ 2858.31  │ 2773.88  │ mprj.team_07_Wrapper.team_07_WB.gpio_oeb[14\]              │ ANTENNA__4917__C/DIODE                                    │ met4  │
│ 1.03  │ 411.46   │ 400.00   │ _0682_                                                     │ _3162_/A                                                  │ met1  │
│ 1.02  │ 2841.11  │ 2773.88  │ net790                                                     │ ANTENNA_mprj.team_04_Wrapper.team_04_WB.instance_to_wrap… │ met3  │
│ 1.01  │ 402.97   │ 400.00   │ _0558_                                                     │ _4369_/B                                                  │ met1  │
│ 1.00  │ 400.67   │ 400.00   │ net1088                                                    │ _4392_/B                                                  │ met1  │
│ 1.00  │ 400.50   │ 400.00   │ mprj.sram.dout1[9\]                                        │ _4028_/A                                                  │ met1  │
└───────┴──────────┴──────────┴────────────────────────────────────────────────────────────┴───────────────────────────────────────────────────────────┴───────┘
