Clock: clk
Sources: clk 
Generated: no
Virtual: yes
Propagated: no
Period: 100.000000

===========================================================================
report_clock_properties
============================================================================
Clock                   Period          Waveform
----------------------------------------------------
clk                 100.000000    0.000000 50.000000

===========================================================================
report_clock_latency
============================================================================
Clock clk
rise -> rise
    min     max
0.000000 0.000000 source latency
0.765873         network latency _11439_/CLK
        0.932821 network latency _12667_/CLK
---------------
0.765873 0.932821 latency
        0.166949 skew

rise -> fall
    min     max
0.000000 0.000000 source latency
0.792893         network latency _11955_/CLK
        0.956473 network latency _11873_/CLK
---------------
0.792893 0.956473 latency
        0.163579 skew

fall -> rise
    min     max
0.000000 0.000000 source latency
0.653444         network latency _11955_/CLK
        0.791434 network latency _11873_/CLK
---------------
0.653444 0.791434 latency
        0.137991 skew

fall -> fall
    min     max
0.000000 0.000000 source latency
0.613611         network latency _11439_/CLK
        0.725272 network latency _12667_/CLK
---------------
0.613611 0.725272 latency
        0.111662 skew



===========================================================================
report_clock_min_period
============================================================================
clk period_min = 10.06 fmax = 99.37
